e:\cpp-gamedevelopment\trainyourselfinc++\trainyourselfinc++\release\vc120.pdb
e:\cpp-gamedevelopment\trainyourselfinc++\trainyourselfinc++\release\windowmanager.obj
e:\cpp-gamedevelopment\trainyourselfinc++\trainyourselfinc++\release\spritesholder.obj
e:\cpp-gamedevelopment\trainyourselfinc++\trainyourselfinc++\release\sprite.obj
e:\cpp-gamedevelopment\trainyourselfinc++\trainyourselfinc++\release\soundplayer.obj
e:\cpp-gamedevelopment\trainyourselfinc++\trainyourselfinc++\release\player.obj
e:\cpp-gamedevelopment\trainyourselfinc++\trainyourselfinc++\release\medialoader.obj
e:\cpp-gamedevelopment\trainyourselfinc++\trainyourselfinc++\release\main.obj
e:\cpp-gamedevelopment\trainyourselfinc++\trainyourselfinc++\release\logger.obj
e:\cpp-gamedevelopment\trainyourselfinc++\trainyourselfinc++\release\launchpoint.obj
e:\cpp-gamedevelopment\trainyourselfinc++\trainyourselfinc++\release\hud.obj
e:\cpp-gamedevelopment\trainyourselfinc++\trainyourselfinc++\release\gamefont.obj
e:\cpp-gamedevelopment\trainyourselfinc++\trainyourselfinc++\release\game.obj
e:\cpp-gamedevelopment\trainyourselfinc++\trainyourselfinc++\release\dropout.obj
e:\cpp-gamedevelopment\trainyourselfinc++\trainyourselfinc++\release\bulletgenerator.obj
e:\cpp-gamedevelopment\trainyourselfinc++\trainyourselfinc++\release\bullet.obj
e:\cpp-gamedevelopment\trainyourselfinc++\trainyourselfinc++\release\assets.obj
e:\cpp-gamedevelopment\trainyourselfinc++\trainyourselfinc++\release\alien.obj
e:\cpp-gamedevelopment\trainyourselfinc++\release\trainyourselfinc++.exe
e:\cpp-gamedevelopment\trainyourselfinc++\release\trainyourselfinc++.pdb
e:\cpp-gamedevelopment\trainyourselfinc++\trainyourselfinc++\release\trainyou.66ef5228.tlog\cl.command.1.tlog
e:\cpp-gamedevelopment\trainyourselfinc++\trainyourselfinc++\release\trainyou.66ef5228.tlog\cl.read.1.tlog
e:\cpp-gamedevelopment\trainyourselfinc++\trainyourselfinc++\release\trainyou.66ef5228.tlog\cl.write.1.tlog
e:\cpp-gamedevelopment\trainyourselfinc++\trainyourselfinc++\release\trainyou.66ef5228.tlog\link.command.1.tlog
e:\cpp-gamedevelopment\trainyourselfinc++\trainyourselfinc++\release\trainyou.66ef5228.tlog\link.read.1.tlog
e:\cpp-gamedevelopment\trainyourselfinc++\trainyourselfinc++\release\trainyou.66ef5228.tlog\link.write.1.tlog
